<?xml version="1.0" encoding="UTF-8"?>
<!-- Generated by org.testng.reporters.JUnitReportReporter -->
<testsuite hostname="DESKTOP-ENK63C2" name="com.yahoo.ycsb.TestStatus" tests="1" failures="0" timestamp="7 Sep 2017 03:58:18 GMT" time="0.002" errors="0">
  <testcase name="testAcceptableStatus" time="0.002" classname="com.yahoo.ycsb.TestStatus"/>
</testsuite>
