<?xml version="1.0" encoding="UTF-8"?>
<!-- Generated by org.testng.reporters.JUnitReportReporter -->
<testsuite hostname="DESKTOP-ENK63C2" name="com.yahoo.ycsb.TestByteIterator" tests="1" failures="0" timestamp="7 Sep 2017 03:58:18 GMT" time="0.007" errors="0">
  <testcase name="testRandomByteIterator" time="0.007" classname="com.yahoo.ycsb.TestByteIterator"/>
</testsuite>
