<?xml version="1.0" encoding="UTF-8"?>
<!-- Generated by org.testng.reporters.JUnitReportReporter -->
<testsuite hostname="DESKTOP-ENK63C2" name="com.yahoo.ycsb.generator.AcknowledgedCounterGeneratorTest" tests="1" failures="0" timestamp="7 Sep 2017 03:58:18 GMT" time="0.409" errors="0">
  <testcase name="testIncrementPastIntegerMaxValue" time="0.409" classname="com.yahoo.ycsb.generator.AcknowledgedCounterGeneratorTest"/>
</testsuite>
