<?xml version="1.0" encoding="UTF-8"?>
<!-- Generated by org.testng.reporters.JUnitReportReporter -->
<testsuite hostname="DESKTOP-ENK63C2" name="com.yahoo.ycsb.TestNumericByteIterator" tests="2" failures="0" timestamp="7 Sep 2017 03:58:18 GMT" time="0.002" errors="0">
  <testcase name="testDouble" time="0.002" classname="com.yahoo.ycsb.TestNumericByteIterator"/>
  <testcase name="testLong" time="0.000" classname="com.yahoo.ycsb.TestNumericByteIterator"/>
</testsuite>
