<?xml version="1.0" encoding="UTF-8"?>
<!-- Generated by org.testng.reporters.JUnitReportReporter -->
<testsuite hostname="DESKTOP-ENK63C2" name="com.yahoo.ycsb.TestUtils" tests="6" failures="0" timestamp="7 Sep 2017 03:58:18 GMT" time="0.010" errors="0">
  <testcase name="bytesToLongTooShort" time="0.001" classname="com.yahoo.ycsb.TestUtils"/>
  <testcase name="bytesToDoubleTooShort" time="0.000" classname="com.yahoo.ycsb.TestUtils"/>
  <testcase name="jvmUtils" time="0.009" classname="com.yahoo.ycsb.TestUtils"/>
  <testcase name="bytesToFromDouble" time="0.000" classname="com.yahoo.ycsb.TestUtils"/>
  <testcase name="bytesToLongNull" time="0.000" classname="com.yahoo.ycsb.TestUtils"/>
  <testcase name="bytesToFromLong" time="0.000" classname="com.yahoo.ycsb.TestUtils"/>
</testsuite>
