<?xml version="1.0" encoding="UTF-8"?>
<!-- Generated by org.testng.reporters.JUnitReportReporter -->
<testsuite hostname="DESKTOP-ENK63C2" name="com.yahoo.ycsb.generator.TestRandomDiscreteTimestampGenerator" tests="3" failures="0" timestamp="7 Sep 2017 03:58:18 GMT" time="0.018" errors="0">
  <testcase name="withStartTime" time="0.001" classname="com.yahoo.ycsb.generator.TestRandomDiscreteTimestampGenerator"/>
  <testcase name="systemTime" time="0.001" classname="com.yahoo.ycsb.generator.TestRandomDiscreteTimestampGenerator"/>
  <testcase name="tooLarge" time="0.016" classname="com.yahoo.ycsb.generator.TestRandomDiscreteTimestampGenerator"/>
</testsuite>
