<?xml version="1.0" encoding="UTF-8"?>
<!-- Generated by org.testng.reporters.JUnitReportReporter -->
<testsuite hostname="DESKTOP-ENK63C2" name="com.yahoo.ycsb.generator.TestIncrementingPrintableStringGenerator" tests="6" failures="0" timestamp="7 Sep 2017 03:58:18 GMT" time="0.003" errors="0">
  <testcase name="rolloverOneCharacterException" time="0.001" classname="com.yahoo.ycsb.generator.TestIncrementingPrintableStringGenerator"/>
  <testcase name="rolloverOneCharacterOK" time="0.000" classname="com.yahoo.ycsb.generator.TestIncrementingPrintableStringGenerator"/>
  <testcase name="invalidCharacterSets" time="0.001" classname="com.yahoo.ycsb.generator.TestIncrementingPrintableStringGenerator"/>
  <testcase name="invalidLengths" time="0.001" classname="com.yahoo.ycsb.generator.TestIncrementingPrintableStringGenerator"/>
  <testcase name="rolloverException" time="0.000" classname="com.yahoo.ycsb.generator.TestIncrementingPrintableStringGenerator"/>
  <testcase name="rolloverOK" time="0.000" classname="com.yahoo.ycsb.generator.TestIncrementingPrintableStringGenerator"/>
</testsuite>
