<?xml version="1.0" encoding="UTF-8"?>
<!-- Generated by org.testng.reporters.JUnitReportReporter -->
<testsuite hostname="DESKTOP-ENK63C2" name="com.yahoo.ycsb.workloads.TestCoreWorkload" tests="2" failures="0" timestamp="7 Sep 2017 03:58:18 GMT" time="0.009" errors="0">
  <testcase name="createOperationChooser" time="0.009" classname="com.yahoo.ycsb.workloads.TestCoreWorkload"/>
  <testcase name="createOperationChooserNullProperties" time="0.000" classname="com.yahoo.ycsb.workloads.TestCoreWorkload"/>
</testsuite>
